#0 building with "desktop-linux" instance using docker-container driver

#1 [internal] load build definition from Dockerfile
#1 transferring dockerfile: 1.15kB 0.0s done
#1 DONE 0.1s

#2 [internal] load metadata for docker.io/library/python:3.13-slim
#2 DONE 3.4s

#3 [internal] load .dockerignore
#3 transferring context: 257B done
#3 DONE 0.1s

#4 [internal] load build context
#4 DONE 0.0s

#5 [1/8] FROM docker.io/library/python:3.13-slim@sha256:739e7213785e88c0f702dcdc12c0973afcbd606dbf021a589cab77d6b00b579d
#5 resolve docker.io/library/python:3.13-slim@sha256:739e7213785e88c0f702dcdc12c0973afcbd606dbf021a589cab77d6b00b579d 0.0s done
#5 DONE 0.0s

#4 [internal] load build context
#4 ...

#5 [1/8] FROM docker.io/library/python:3.13-slim@sha256:739e7213785e88c0f702dcdc12c0973afcbd606dbf021a589cab77d6b00b579d
#5 DONE 0.4s

#4 [internal] load build context
#4 transferring context: 722.05kB 0.6s done
#4 DONE 0.7s

#5 [1/8] FROM docker.io/library/python:3.13-slim@sha256:739e7213785e88c0f702dcdc12c0973afcbd606dbf021a589cab77d6b00b579d
#5 sha256:eecee41f47a6f5c27e0e7c4d3a5cafbd0f315a13f5cb629d634a201838354fb0 0B / 250B 0.2s
#5 sha256:e2a2a5e6ffbfa80c6c3514c20e60c20aa47c15f593833bca16a5a3a15b78ad9e 0B / 11.80MB 0.2s
#5 sha256:b186029d0aef40dfeb3824ddf540da2ecc123b7412a1f540be8b261d570ef46f 0B / 1.29MB 0.2s
#5 sha256:ec781dee3f4719c2ca0dd9e73cb1d4ed834ed1a406495eb6e44b6dfaad5d1f8f 0B / 29.78MB 0.2s
#5 sha256:eecee41f47a6f5c27e0e7c4d3a5cafbd0f315a13f5cb629d634a201838354fb0 250B / 250B 0.6s done
#5 sha256:e2a2a5e6ffbfa80c6c3514c20e60c20aa47c15f593833bca16a5a3a15b78ad9e 1.05MB / 11.80MB 0.9s
#5 sha256:e2a2a5e6ffbfa80c6c3514c20e60c20aa47c15f593833bca16a5a3a15b78ad9e 2.10MB / 11.80MB 1.1s
#5 sha256:e2a2a5e6ffbfa80c6c3514c20e60c20aa47c15f593833bca16a5a3a15b78ad9e 3.15MB / 11.80MB 1.2s
#5 sha256:e2a2a5e6ffbfa80c6c3514c20e60c20aa47c15f593833bca16a5a3a15b78ad9e 4.19MB / 11.80MB 1.4s
#5 sha256:e2a2a5e6ffbfa80c6c3514c20e60c20aa47c15f593833bca16a5a3a15b78ad9e 4.96MB / 11.80MB 1.5s
#5 sha256:b186029d0aef40dfeb3824ddf540da2ecc123b7412a1f540be8b261d570ef46f 1.29MB / 1.29MB 1.5s done
#5 sha256:e2a2a5e6ffbfa80c6c3514c20e60c20aa47c15f593833bca16a5a3a15b78ad9e 7.34MB / 11.80MB 1.8s
#5 sha256:ec781dee3f4719c2ca0dd9e73cb1d4ed834ed1a406495eb6e44b6dfaad5d1f8f 2.10MB / 29.78MB 1.8s
#5 sha256:e2a2a5e6ffbfa80c6c3514c20e60c20aa47c15f593833bca16a5a3a15b78ad9e 8.39MB / 11.80MB 2.1s
#5 sha256:e2a2a5e6ffbfa80c6c3514c20e60c20aa47c15f593833bca16a5a3a15b78ad9e 9.44MB / 11.80MB 2.4s
#5 sha256:ec781dee3f4719c2ca0dd9e73cb1d4ed834ed1a406495eb6e44b6dfaad5d1f8f 4.19MB / 29.78MB 2.3s
#5 sha256:e2a2a5e6ffbfa80c6c3514c20e60c20aa47c15f593833bca16a5a3a15b78ad9e 10.49MB / 11.80MB 2.6s
#5 sha256:e2a2a5e6ffbfa80c6c3514c20e60c20aa47c15f593833bca16a5a3a15b78ad9e 11.80MB / 11.80MB 2.8s done
#5 sha256:ec781dee3f4719c2ca0dd9e73cb1d4ed834ed1a406495eb6e44b6dfaad5d1f8f 8.39MB / 29.78MB 2.9s
#5 sha256:ec781dee3f4719c2ca0dd9e73cb1d4ed834ed1a406495eb6e44b6dfaad5d1f8f 11.53MB / 29.78MB 3.2s
#5 sha256:ec781dee3f4719c2ca0dd9e73cb1d4ed834ed1a406495eb6e44b6dfaad5d1f8f 14.68MB / 29.78MB 3.5s
#5 sha256:ec781dee3f4719c2ca0dd9e73cb1d4ed834ed1a406495eb6e44b6dfaad5d1f8f 16.78MB / 29.78MB 3.6s
#5 sha256:ec781dee3f4719c2ca0dd9e73cb1d4ed834ed1a406495eb6e44b6dfaad5d1f8f 18.87MB / 29.78MB 3.9s
#5 sha256:ec781dee3f4719c2ca0dd9e73cb1d4ed834ed1a406495eb6e44b6dfaad5d1f8f 20.97MB / 29.78MB 4.1s
#5 sha256:ec781dee3f4719c2ca0dd9e73cb1d4ed834ed1a406495eb6e44b6dfaad5d1f8f 24.12MB / 29.78MB 4.4s
#5 sha256:ec781dee3f4719c2ca0dd9e73cb1d4ed834ed1a406495eb6e44b6dfaad5d1f8f 27.26MB / 29.78MB 4.7s
#5 sha256:ec781dee3f4719c2ca0dd9e73cb1d4ed834ed1a406495eb6e44b6dfaad5d1f8f 29.36MB / 29.78MB 4.8s
#5 sha256:ec781dee3f4719c2ca0dd9e73cb1d4ed834ed1a406495eb6e44b6dfaad5d1f8f 29.78MB / 29.78MB 4.9s done
#5 extracting sha256:ec781dee3f4719c2ca0dd9e73cb1d4ed834ed1a406495eb6e44b6dfaad5d1f8f
#5 extracting sha256:ec781dee3f4719c2ca0dd9e73cb1d4ed834ed1a406495eb6e44b6dfaad5d1f8f 1.3s done
#5 DONE 7.0s

#5 [1/8] FROM docker.io/library/python:3.13-slim@sha256:739e7213785e88c0f702dcdc12c0973afcbd606dbf021a589cab77d6b00b579d
#5 extracting sha256:b186029d0aef40dfeb3824ddf540da2ecc123b7412a1f540be8b261d570ef46f
#5 extracting sha256:b186029d0aef40dfeb3824ddf540da2ecc123b7412a1f540be8b261d570ef46f 0.2s done
#5 DONE 7.1s

#5 [1/8] FROM docker.io/library/python:3.13-slim@sha256:739e7213785e88c0f702dcdc12c0973afcbd606dbf021a589cab77d6b00b579d
#5 extracting sha256:e2a2a5e6ffbfa80c6c3514c20e60c20aa47c15f593833bca16a5a3a15b78ad9e
#5 extracting sha256:e2a2a5e6ffbfa80c6c3514c20e60c20aa47c15f593833bca16a5a3a15b78ad9e 0.7s done
#5 DONE 7.9s

#5 [1/8] FROM docker.io/library/python:3.13-slim@sha256:739e7213785e88c0f702dcdc12c0973afcbd606dbf021a589cab77d6b00b579d
#5 extracting sha256:eecee41f47a6f5c27e0e7c4d3a5cafbd0f315a13f5cb629d634a201838354fb0 0.0s done
#5 DONE 7.9s

#6 [2/8] RUN apt-get update &&     apt-get install -y --no-install-recommends     libreoffice     libgl1-mesa-glx     libglib2.0-0 &&     rm -rf /var/lib/apt/lists/* &&     apt-get clean
#6 0.333 Hit:1 http://deb.debian.org/debian trixie InRelease
#6 0.333 Get:2 http://deb.debian.org/debian trixie-updates InRelease [47.3 kB]
#6 0.340 Get:3 http://deb.debian.org/debian-security trixie-security InRelease [43.4 kB]
#6 0.389 Get:4 http://deb.debian.org/debian trixie/main amd64 Packages [9671 kB]
#6 1.424 Get:5 http://deb.debian.org/debian trixie-updates/main amd64 Packages [5412 B]
#6 1.427 Get:6 http://deb.debian.org/debian-security trixie-security/main amd64 Packages [114 kB]
#6 2.559 Fetched 9881 kB in 2s (4280 kB/s)
#6 2.559 Reading package lists...
#6 3.408 Reading package lists...
#6 4.367 Building dependency tree...
#6 4.567 Reading state information...
#6 4.599 Package libgl1-mesa-glx is not available, but is referred to by another package.
#6 4.599 This may mean that the package is missing, has been obsoleted, or
#6 4.599 is only available from another source
#6 4.599 
#6 4.602 E: Package 'libgl1-mesa-glx' has no installation candidate
#6 ERROR: process "/bin/sh -c apt-get update &&     apt-get install -y --no-install-recommends     libreoffice     libgl1-mesa-glx     libglib2.0-0 &&     rm -rf /var/lib/apt/lists/* &&     apt-get clean" did not complete successfully: exit code: 100
------
 > [2/8] RUN apt-get update &&     apt-get install -y --no-install-recommends     libreoffice     libgl1-mesa-glx     libglib2.0-0 &&     rm -rf /var/lib/apt/lists/* &&     apt-get clean:
1.427 Get:6 http://deb.debian.org/debian-security trixie-security/main amd64 Packages [114 kB]



4.567 Reading state information...
4.599 Package libgl1-mesa-glx is not available, but is referred to by another package.
4.599 This may mean that the package is missing, has been obsoleted, or
4.599 is only available from another source
4.599 
4.602 E: Package 'libgl1-mesa-glx' has no installation candidate
------
Dockerfile:4
--------------------
   3 |     # Install LibreOffice and required dependencies for PDF handling
   4 | >>> RUN apt-get update && \
   5 | >>>     apt-get install -y --no-install-recommends \
   6 | >>>     libreoffice \
   7 | >>>     libgl1-mesa-glx \
   8 | >>>     libglib2.0-0 && \
   9 | >>>     rm -rf /var/lib/apt/lists/* && \
  10 | >>>     apt-get clean
  11 |     
--------------------
ERROR: failed to build: failed to solve: process "/bin/sh -c apt-get update &&     apt-get install -y --no-install-recommends     libreoffice     libgl1-mesa-glx     libglib2.0-0 &&     rm -rf /var/lib/apt/lists/* &&     apt-get clean" did not complete successfully: exit code: 100
